mode: count
github.com/aabri-assignments/assignment-golang/e2e/framework/expectations.go:6.55,8.2 1 0
github.com/aabri-assignments/assignment-golang/e2e/framework/expectations.go:12.77,14.2 1 0
github.com/aabri-assignments/assignment-golang/e2e/framework/expectations.go:17.81,19.2 1 4
github.com/aabri-assignments/assignment-golang/e2e/framework/expectations.go:22.84,24.2 1 0
github.com/aabri-assignments/assignment-golang/e2e/framework/expectations.go:27.70,30.2 2 0
github.com/aabri-assignments/assignment-golang/e2e/framework/expectations.go:33.85,35.2 1 0
github.com/aabri-assignments/assignment-golang/e2e/framework/expectations.go:38.81,40.2 1 0
github.com/aabri-assignments/assignment-golang/e2e/framework/expectations.go:43.62,45.2 1 0
github.com/aabri-assignments/assignment-golang/e2e/tests/health/framework.go:6.49,8.2 1 1
github.com/aabri-assignments/assignment-golang/e2e/tests/health/health.go:10.51,16.20 2 1
github.com/aabri-assignments/assignment-golang/e2e/tests/health/health.go:16.20,19.3 2 1
github.com/aabri-assignments/assignment-golang/e2e/tests/health/health.go:22.2,22.69 1 1
github.com/aabri-assignments/assignment-golang/e2e/tests/health/health.go:22.69,26.3 3 1
github.com/aabri-assignments/assignment-golang/e2e/tests/track/framework.go:6.49,8.2 1 1
github.com/aabri-assignments/assignment-golang/e2e/tests/track/track.go:15.50,21.20 2 1
github.com/aabri-assignments/assignment-golang/e2e/tests/track/track.go:21.20,24.3 2 5
github.com/aabri-assignments/assignment-golang/e2e/tests/track/track.go:27.2,27.55 1 1
github.com/aabri-assignments/assignment-golang/e2e/tests/track/track.go:27.55,35.3 7 1
github.com/aabri-assignments/assignment-golang/e2e/tests/track/track.go:36.2,36.55 1 1
github.com/aabri-assignments/assignment-golang/e2e/tests/track/track.go:36.55,44.3 7 1
github.com/aabri-assignments/assignment-golang/e2e/tests/track/track.go:45.2,45.55 1 1
github.com/aabri-assignments/assignment-golang/e2e/tests/track/track.go:45.55,53.3 7 1
github.com/aabri-assignments/assignment-golang/e2e/tests/track/track.go:54.2,54.55 1 1
github.com/aabri-assignments/assignment-golang/e2e/tests/track/track.go:54.55,60.3 5 1
github.com/aabri-assignments/assignment-golang/e2e/tests/track/track.go:61.2,61.44 1 1
github.com/aabri-assignments/assignment-golang/e2e/tests/track/track.go:61.44,69.3 7 1
